Port:8080
Port:8080
Port:8080
Port:8080:	Wed Feb 18 22:38:24 EST 2015**********************
Wed Feb 18 22:59:24 EST 2015
Server Cannot created
java.net.BindException: Address already in useStarted Server:	Wed Feb 18 22:59:32 EST 2015
**********************
Wed Feb 18 23:01:24 EST 2015
Server Cannot created
java.net.BindException: Address already in use/nStarted Server:	Wed Feb 18 23:01:31 EST 2015
**********************
Wed Feb 18 23:02:34 EST 2015
Server Cannot created
java.net.BindException: Address already in use
Started Server:	Wed Feb 18 23:02:40 EST 2015
Started Server:	Wed Feb 18 23:04:30 EST 2015
Started Server:	Thu Feb 19 13:13:37 EST 2015
Started Server:	Thu Feb 19 13:53:00 EST 2015
**********************
Thu Feb 19 14:03:09 EST 2015
Server Cannot created
java.net.BindException: Address already in use
**********************

Started Server:	Thu Feb 19 19:07:23 EST 2015
Started Server:	Thu Feb 19 19:09:48 EST 2015
Started Server:	Thu Feb 19 19:10:39 EST 2015
Started Server:	Thu Feb 19 19:12:07 EST 2015
Started Server:	Thu Feb 19 21:17:49 EST 2015
**********************
Thu Feb 19 21:20:04 EST 2015
Server Cannot created
java.net.BindException: Address already in use
**********************

Started Server:	Thu Feb 19 21:20:10 EST 2015
Started Server:	Thu Feb 19 21:40:07 EST 2015
Started Server:	Thu Feb 19 22:13:42 EST 2015
Started Server:	Thu Feb 19 22:15:42 EST 2015
**********************
Thu Feb 19 22:16:14 EST 2015
Server Cannot created
java.net.BindException: Address already in use
**********************

Started Server:	Thu Feb 19 22:16:21 EST 2015
Started Server:	Thu Feb 19 22:23:02 EST 2015
Started Server:	Thu Feb 19 22:24:13 EST 2015
**********************
Fri Feb 20 08:05:11 EST 2015
App server cannot be created
java.lang.ClassCastException: servlet.TestServlet2 cannot be cast to javax.servlet.http.HttpServlet
**********************

Started Server:	Fri Feb 20 08:05:47 EST 2015
Started Server:	Fri Feb 20 08:06:36 EST 2015
**********************
Fri Feb 20 08:09:08 EST 2015
Server Cannot created
java.net.BindException: Address already in use
**********************

Started Server:	Fri Feb 20 08:09:18 EST 2015
Started Server:	Fri Feb 20 08:10:57 EST 2015
Started Server:	Fri Feb 20 08:15:38 EST 2015
**********************
Fri Feb 20 08:20:11 EST 2015
Server Cannot created
java.net.BindException: Address already in use
**********************

Started Server:	Fri Feb 20 08:20:17 EST 2015
Started Server:	Fri Feb 20 08:23:10 EST 2015
Started Server:	Fri Feb 20 08:27:33 EST 2015
Started Server:	Fri Feb 20 08:28:03 EST 2015
**********************
Fri Feb 20 08:29:04 EST 2015
Server Cannot created
java.net.BindException: Address already in use
**********************

Started Server:	Fri Feb 20 08:29:08 EST 2015
**********************
Fri Feb 20 08:31:31 EST 2015
Server Cannot created
java.net.BindException: Address already in use
**********************

Started Server:	Fri Feb 20 08:31:36 EST 2015
Started Server:	Fri Feb 20 08:33:33 EST 2015
Started Server:	Fri Feb 20 08:33:36 EST 2015
Started Server:	Fri Feb 20 08:36:42 EST 2015
Started Server:	Fri Feb 20 08:38:44 EST 2015
Started Server:	Fri Feb 20 08:40:54 EST 2015
Started Server:	Fri Feb 20 08:41:57 EST 2015
Started Server:	Fri Feb 20 08:43:08 EST 2015
Started Server:	Fri Feb 20 08:43:36 EST 2015
Started Server:	Fri Feb 20 08:43:57 EST 2015
Started Server:	Fri Feb 20 08:47:25 EST 2015
Started Server:	Fri Feb 20 08:57:28 EST 2015
**********************
Fri Feb 20 09:11:52 EST 2015
Server Cannot created
java.net.BindException: Address already in use
**********************

Started Server:	Fri Feb 20 09:11:57 EST 2015
Started Server:	Fri Feb 20 09:12:32 EST 2015
Started Server:	Fri Feb 20 09:14:07 EST 2015
Started Server:	Fri Feb 20 09:14:45 EST 2015
Started Server:	Fri Feb 20 09:16:01 EST 2015
Started Server:	Fri Feb 20 09:16:06 EST 2015
Started Server:	Fri Feb 20 19:59:07 EST 2015
Started Server:	Fri Feb 20 20:00:38 EST 2015
Started Server:	Fri Feb 20 20:01:52 EST 2015
**********************
Fri Feb 20 20:02:18 EST 2015
Server Cannot created
java.net.BindException: Address already in use
**********************

Started Server:	Fri Feb 20 20:02:24 EST 2015
**********************
Fri Feb 20 20:06:36 EST 2015
Server Cannot created
java.net.BindException: Address already in use
**********************

Started Server:	Fri Feb 20 20:06:41 EST 2015
Started Server:	Fri Feb 20 20:07:24 EST 2015
Started Server:	Fri Feb 20 20:09:31 EST 2015
Started Server:	Fri Feb 20 20:11:23 EST 2015
Started Server:	Fri Feb 20 20:14:33 EST 2015
Started Server:	Fri Feb 20 20:15:34 EST 2015
Started Server:	Fri Feb 20 20:17:19 EST 2015
Started Server:	Fri Feb 20 20:20:33 EST 2015
**********************
Fri Feb 20 20:23:05 EST 2015
Server Cannot created
java.net.BindException: Address already in use
**********************

Started Server:	Fri Feb 20 20:23:12 EST 2015
Started Server:	Fri Feb 20 20:37:44 EST 2015
**********************
Fri Feb 20 20:48:09 EST 2015
Server Cannot created
java.net.BindException: Address already in use
**********************

Started Server:	Fri Feb 20 20:48:13 EST 2015
Started Server:	Fri Feb 20 21:12:53 EST 2015
**********************
Fri Feb 20 21:32:49 EST 2015
App server cannot be created
java.lang.ClassNotFoundException: servlet.TestCookie3
**********************

**********************
Fri Feb 20 21:34:09 EST 2015
Server Cannot created
java.net.BindException: Address already in use
**********************

Started Server:	Fri Feb 20 21:34:14 EST 2015
Started Server:	Wed Feb 25 13:36:20 EST 2015
Started Server:	Wed Feb 25 13:38:01 EST 2015
Started Server:	Wed Feb 25 15:20:18 EST 2015
Started Server:	Wed Feb 25 15:22:33 EST 2015
Started Server:	Wed Feb 25 15:24:40 EST 2015
Started Server:	Wed Feb 25 15:26:37 EST 2015
Started Server:	Wed Feb 25 15:27:28 EST 2015
Started Server:	Wed Feb 25 15:35:19 EST 2015
Started Server:	Wed Feb 25 15:50:08 EST 2015
Started Server:	Wed Feb 25 15:58:49 EST 2015
Started Server:	Wed Feb 25 16:23:13 EST 2015
Started Server:	Wed Feb 25 16:27:18 EST 2015
Started Server:	Wed Feb 25 16:31:01 EST 2015
**********************
Wed Feb 25 16:34:46 EST 2015
Server Cannot created
java.net.BindException: Address already in use
**********************

Started Server:	Wed Feb 25 16:35:35 EST 2015
Started Server:	Wed Feb 25 16:39:04 EST 2015
**********************
Wed Feb 25 16:42:34 EST 2015
Server Cannot created
java.net.BindException: Address already in use
**********************

Started Server:	Wed Feb 25 16:43:51 EST 2015
**********************
Wed Feb 25 16:47:18 EST 2015
Server Cannot created
java.net.BindException: Address already in use
**********************

Started Server:	Wed Feb 25 16:47:42 EST 2015
Started Server:	Wed Feb 25 16:51:44 EST 2015
Started Server:	Wed Feb 25 19:04:49 EST 2015
Started Server:	Wed Feb 25 19:07:46 EST 2015
Started Server:	Wed Feb 25 19:18:32 EST 2015
Started Server:	Wed Feb 25 19:29:07 EST 2015
Started Server:	Wed Feb 25 19:58:41 EST 2015
Started Server:	Wed Feb 25 20:00:22 EST 2015
Started Server:	Wed Feb 25 20:01:46 EST 2015
Started Server:	Wed Feb 25 20:04:42 EST 2015
Started Server:	Wed Feb 25 20:07:04 EST 2015
**********************
Wed Feb 25 20:10:16 EST 2015
Server Cannot created
java.net.BindException: Address already in use
**********************

Started Server:	Wed Feb 25 20:10:22 EST 2015
Started Server:	Wed Feb 25 20:59:51 EST 2015
Started Server:	Wed Feb 25 21:00:03 EST 2015
Started Server:	Thu Feb 26 10:42:16 EST 2015
Started Server:	Thu Feb 26 11:18:53 EST 2015
Started Server:	Thu Feb 26 11:21:26 EST 2015
Started Server:	Thu Feb 26 11:29:23 EST 2015
Started Server:	Thu Feb 26 11:31:02 EST 2015